['慶祝香港特別行政區成立二十八周年－於中環九號及十號碼頭展示國旗及區旗']
['2025年6月15日至2025年7月31日', '全日開放', '中環9號及10號碼頭']
['展示國旗及區旗，慶祝香港特別行政區成立二十八周年，增添回歸日的喜慶氣氛。']
['中西區民政事務處', '翟先生', '電話 : 2852 3491']
['慶祝香港特別行政區成立二十八周年－中環至半山自動扶手電梯系統裝飾']
['2025年6月15日至2025年7月31日', '全日開放', '中環至半山自動扶手電梯系統']
['布置裝飾增添回歸日的喜慶氣氛，慶祝香港特別行政區成立二十八周年。']
['中西區民政事務處', '翟先生', '電話 : 2852 3491']
['慶祝香港特別行政區成立二十八周年－中西區光影裝飾 2025（待定）']
['2025年6月15日至2025年7月31日（待定）', '全日開放', '中山紀念公園']
['展出具特色的燈光裝置，打造中西區打卡點，與市民同慶香港特別行政區成立二十八周年。']
['中西區民政事務處', '袁女士', '電話 : 2852 3478']
['中西區各界慶祝香港特別行政區成立二十八周年暨《香港國安法》頒布五周年 - 各界萬眾同心慶回歸嘉年華']
['2025年6月28日', '上午11時至下午5時', '石塘咀體育館多用途主場']
['嘉年華與中西區各界慶典委員會合辦，以慶祝香港特別行政區成立二十八周年及國家安全為主題，並特設以《香港國安法》頒布五周年為主題的獨立攤位，推動國民和國家安全教育。']
['中西區各界慶典委員會', '曾女士', '電話︰2541 8620']
['大廈管理條例知多D']
['2025年6月 （待定）']
['以講座形式深入淺出向業主及業主立案法團簡介有關大廈管理的條例。']
['中西區民政事務處', '余女士', '電話：2119 5011']
['派發大廈管理宣傳品']
['2025年6月至2026年1月', '西營盤社區綜合大樓、西區社區中心、堅尼地城社區綜合大樓或其他適合地點', '（待定）']
['於巡迴展覽、大廈管理工作坊、大廈管理證書課程或其他大廈管理宣傳活動中派發宣傳品。']
['中西區民政事務處', '李女士', '電話：3583 3043']
['慶祝香港特別行政區成立二十八周年－昔日中西區攝影展（待定）']
['2025年6月中旬至2025年7月上旬', '上午9時至晚上9時', '金鐘太古廣場L1層Park Court']
['透過歷史圖片追溯中西區不同階段的社會文化風貌，加深公眾對社區的認識，增添家國情懷，共賀香港特別行政區成立二十八周年。']
['中西區民政事務處', '盧女士', '電話：2852 3428']
['慶祝香港特別行政區成立二十八周年－於中區警區總部展示超級巨型橫額']
['2025年6月中旬至2025年8月下旬（待定）', '全日開放', '中區警區總部']
['展示大型橫額，慶祝香港特別行政區成立二十八周年，增添回歸喜慶氣氛，加強市民對香港和祖國的認識與歸屬感，並帶動中西區人流，吸引市民和旅客到場觀賞「打卡」。']
['中西區民政事務處', '張女士', '電話：2852 3423']
['慶祝香港特別行政區成立二十八周年－於大會堂停車場外牆展示大型橫額']
['2025年6月中旬至2025年8月下旬（待定）', '全日開放', '大會堂停車場']
['展示大型橫額，慶祝香港特別行政區成立二十八周年，增添回歸喜慶氣氛，加強市民對香港和祖國的認識與歸屬感，並帶動中西區人流，吸引市民和旅客到場觀賞「打卡」。']
['中西區民政事務處', '張女士', '電話：2852 3423']
['慶祝香港特別行政區成立二十八周年－於遮打花園展示國旗及區旗']
['2025年6月中旬至2025年7月中旬（待定）', '全日開放', '遮打花園']
['展示國旗及區旗，慶祝香港特別行政區成立二十八周年，增添回歸喜慶氣氛，加強市民對香港和祖國的認識與歸屬感，並帶動中西區人流，吸引市民和旅客到場觀賞「打卡」。']
['中西區民政事務處', '張女士', '電話：2852 3423']
['慶祝香港特別行政區成立二十八周年－中西區甜點分享之雪糕日（待定）']
['2025年6月下旬至2025年7月上旬（待定）', '時間待定', '中西區']
['以回歸主題布置的流動雪糕車在區內向市民派發雪糕，增添喜慶氣氛。']
['中西區民政事務處', '盧女士', '電話：2852 3428']
['大廈管理巡迴展覽']
['2025年7月至2025年12月', '西營盤社區綜合大樓、西區社區中心、堅尼地城社區綜合大樓或其他適合地點', '（待定）']
['舉辦巡迴展覽，主題包括簡介《2024年建築物管理（修訂）條例》、民政事務總署的大廈管理支援服務，以及如何成立業主立案法團。', '展覽期間的指定日期將派發大廈管理宣傳品。']
['中西區民政事務處', '李女士', '電話：3583 3043']
['中西區消防處社區應急先鋒計劃訓練班']
['2025年8月至2025年9月', '（待定）', '上環消防局']
['教授防火知識和面對緊急事故的應變方法，以及自動心臟除顫器的操作和心肺復甦法的施行程序。']
['中西區防火委員會', '揭先生', '電話：3583 3041']
['派發中西區大廈管理通訊']
['2025年8月或9月', '（待定）']
['以通訊形式，深入淺出向業主和業主立案法團簡介最新大廈管理事宜。']
['中西區民政事務處', '李先生', '電話：2119 5013']
['慶祝中華人民共和國成立七十六周年－於中環九號及十號碼頭展示國旗及區旗']
['2025年9月15日至2025年10月31日', '全日開放', '中環九號及十號碼頭']
['展示國旗及區旗，慶祝中華人民共和國成立七十六周年，增添國慶的喜慶氣氛。']
['中西區民政事務處', '翟先生', '電話：2852 3491']
['慶祝中華人民共和國成立七十六周年－中環至半山自動扶手電梯系統裝飾']
['2025年9月15日至2025年10月31日', '全日開放', '中環至半山自動扶手電梯系統']
['布置裝飾增添國慶氣氛，慶祝中華人民共和國成立七十六周年。']
['中西區民政事務處', '翟先生', '電話：2852 3491']
['慶祝中華人民共和國成立七十六周年－中西區光影裝飾 2025（待定）']
['2025年9月15日至2025年10月31日（待定）', '全日開放', '中山紀念公園']
['展出具特色的燈光裝置，打造中西區打卡點，與市民慶祝中華人民共和國成立七十六周年。']
['中西區民政事務處', '袁女士', '電話：2852 3478']
['大廈管理講座']
['2025年9月', '（待定）']
['以分享及討論形式，深入淺出向業主和業主立案法團簡介大廈管理事宜。']
['中西區民政事務處', '余女士', '電話：2119 5011']
['慶祝中華人民共和國成立七十六周年－於大會堂停車場外牆展示大型橫額']
['2025年9月中旬至2025年10月下旬（待定）', '全日開放', '大會堂停車場']
['展示大型橫額，慶祝中華人民共和國成立七十六周年，增添國慶喜慶氣氛，加強市民對香港和祖國的認識與歸屬感，並帶動中西區人流，吸引市民和旅客到場觀賞「打卡」。']
['中西區民政事務處', '張女士', '電話：2852 3423']
['慶祝中華人民共和國成立七十六周年－於中區警區總部展示超級巨型橫額']
['2025年9月中旬至2025年10月下旬（待定）', '全日開放', '中區警區總部']
['展示大型橫額，慶祝中華人民共和國成立七十六周年，增添國慶喜慶氣氛，加強市民對香港和祖國的認識與歸屬感，並帶動中西區人流，吸引市民和旅客到場觀賞「打卡」。']
['中西區民政事務處', '張女士', '電話：2852 3423']
['慶祝中華人民共和國成立七十六周年－於遮打花園展示國旗及區旗']
['2025年9月中旬至2025年10月中旬（待定）', '全日開放', '遮打花園']
['展示國旗及區旗，慶祝中華人民共和國成立七十六周年，增添國慶喜慶氣氛，加強市民對香港和祖國的認識與歸屬感，並帶動中西區人流，吸引市民和旅客到場觀賞「打卡」。']
['中西區民政事務處', '張女士', '電話：2852 3423']
['慶祝中華人民共和國成立七十六周年－中西區甜點分享之雪糕日（待定）']
['2025年9月下旬至2025年10月上旬（待定）', '時間待定', '中西區']
['以國慶主題布置的流動雪糕車，在區內向市民派發雪糕，增添喜慶氣氛。']
['中西區民政事務處', '盧女士', '電話：2852 3428']
