['九龍城區社區防毒宣傳計劃']
['2024年8至11月']
['製作禁毒紀念品及海報並透過九龍城區內非牟利機構及學校派發予居民及學生。']
['九龍城區撲滅罪行委員會', '譚先生', '電話：2356 9200']
['九龍城區滅罪插畫創作及填色比賽']
['2024年8月至2025年1月']
['邀請九龍城區內小學及中學生參加插畫創作及填色比賽。']
['九龍城區撲滅罪行委員會', '譚先生', '電話：2356 9200']
['九龍城區長者防騙推廣活動']
['2024年9至12月']
['制作橫額及防騙錦囊並透過九龍城區內非牟利機構及以家訪形式派發予長者。']
['九龍城區撲滅罪行委員會', '譚先生', '電話：2356 9200']
['慶祝中華人民共和國成立七十五周年—青少年專業導師計劃啟動禮']
['2024年10月19日', '下午2時至4時', '紅磡社區會堂']
['活動邀請專業人士透過導師輔導、講座、工作坊及職場探訪，培訓區內學生成為能對香港及國家作出貢獻，兼具國家觀念和國際視野的專業人才。']
['建設健康九龍城協會', '電話：2334 0007']
['慶祝中華人民共和國成立75周年—龍城迎全運']
['2024年11月16日', '上午10時至下午6時', '土瓜灣體育館及土瓜灣遊樂場']
['邀請九龍城區內居民參加龍城迎全運，嘉年華包括人工智能運動、傳統和新興運動，以慶祝中華人民共和國成立75周年及迎接2025全運會。']
['石女士', '電話：2712 9183']
['「情繫家國．說好龍城歷史」龍城虛擬實景導賞網社區同樂日賀國慶']
['2024年11月23日', '下午2時至5時', '啟德社區會堂']
['透過社區同樂日，介紹九龍城歷史及區內公共屋邨為主題的虛擬導賞路線，令市民深入了解區內歷史悠久公共屋邨的發展故事，認識九龍城重點歷史事件。']
['九龍城區青年發展及公民教育委員會', '關先生', '電話：2621 3445']
['慶祝中華人民共和國成立七十五周年活力紅磡．「細」運會']
['2024年11月30日', '下午2時至5時30分', '紅磡社區會堂']
['邀請九龍城區內居民參加運動會，內容包括典禮儀式、攤位遊戲、綜合表演等。']
['紅磡分區委員會', '廖小姐', '電話：2773 0737']
['九龍城區歲晚滅罪宣傳活動']
['2024年12月6日（暫定）']
['在農曆新年前到訪九龍城區內人流熱點，向商戶和居民派發應節滅罪宣傳品，並傳遞滅罪訊息。']
['九龍城區撲滅罪行委員會', '譚先生', '電話：2356 9200']
['九龍城線上歷史文化問答比賽']
['2024年12月至2025年2月']
['透過線上問答比賽，加深年青人對九龍城歷史和文化的認識，增強他們對社區的歸屬感，提升年青人的國民身份認同。']
['九龍城區青年發展及公民教育委員會', '關先生', '電話：2621 3445']
['《攜手滅罪．共建美好龍城》嘉年華']
['2025年1月12日']
['透過頒獎禮、綜合表演及攤位遊戲，宣揚防止罪案和禁毒信息。']
['九龍城區撲滅罪行委員會', '譚先生', '電話：2356 9200']
['九龍城線上歷史文化問答比賽頒獎禮']
['2025年3月7日', '下午4時至4時30分（暫定）', '紅磡社區會堂']
['邀請九龍城區內學生及居民出席以九龍城歷史和文化為主題的線上問答比賽頒獎禮，以表揚在比賽中表現優異的參加者。']
['九龍城區青年發展及公民教育委員會', '關先生', '電話：2621 3445']
['九龍城讀住賞．可持續發展閱讀獎賞計劃頒獎禮']
['2025年3月7日', '下午4時30分至5時（暫定）', '紅磡社區會堂']
['邀請九龍城區中小學生參加以可持續發展為主題的閲讀獎賞計劃頒獎禮，以表揚在計劃中表現突出的參加者。']
['九龍城區青年發展及公民教育委員會 ', '彭先生', '電話：2773 0704']
