['清明節防止山火宣傳活動']
['2025年4月4日', '上午9時至下午1時', '元朗鄉郊地區']
['在鄉郊地區向掃墓人士派發紀念品及單張，提醒他們慎防山火。']
['元朗區防火委員會', '丘先生', '電話︰2470 1127']
['「攜手齊心 抵禦毒害」禁毒約章運動']
['2025年4月28日', '下午4時30分至5時', '天晴社區會堂']
['舉辦禁毒講座及簽署禁毒約章等活動，以提高市民對太空油毒品禍害的認識。']
['元朗區撲滅罪行委員會', '陳小姐/楊小姐/曾先生', '電話：2470 1121/', '2470 1122/2470 1126']
['元朗區鄉郊防火宣傳活動']
['2025年5月(待定)', '時間：(待定)', '地點：(待定)']
['舉辦消防安全教育巴士參觀活動和派發紀念品及單張等活動，向鄉郊地區居民推廣防火安全資訊。']
['元朗區防火委員會', '丘先生', '電話︰2470 1127']
['參觀消防處設施']
['2025年7月(待定)', '時間：(待定)', '地點：(待定)']
['參觀消防設施向區內學生推廣防火安全資訊。']
['元朗區防火委員會', '丘先生', '電話︰2470 1127']
['元朗區慶祝香港特別行政區成立二十八周年升旗禮']
['2025年7月1日', '上午7時45分至8時30分', '天水圍銀座廣場']
['舉行簡單而隆重的升旗禮，與區內居民共同慶祝香港特別行政區成立二十八周年，藉此加強居民對國民身分的認同感。']
['元朗區慶祝香港特別行政區成立二十八周年統籌委員會', '王小姐', '電話：3188 2157']
['元朗區慶祝香港特別行政區成立二十八周年嘉年華']
['2025年7月1日', '下午2時至6時', '天水圍銀座廣場及天水圍公園']
['舉辦嘉年華會，與市民一同分享香港特別行政區成立二十八周年的喜悅，節目包括舞台表演及攤位遊戲。']
['元朗區慶祝香港特別行政區成立二十八周年統籌委員會', '王小姐', '電話：3188 2157']
['元朗區慶祝香港特別行政區成立二十八周年粵劇欣賞會']
['2025年7月5日', '下午2時15分至5時30分', '下午7時15分至10時30分', '元朗劇院']
['舉辦精彩的粵劇表演，與元朗區居民共慶香港特別行政區成立二十八周年，並加深居民對中國傳統文化的認識。']
['元朗區慶祝香港特別行政區成立二十八周年統籌委員會', '王小姐', '電話： 3188 2157']
['元朗區大廈管理證書課程2025']
['2025年7月10及17日', '晚上7時至9時', '元朗區綜合服務大樓一樓禮堂']
['邀請不同政府部門及機構的代表，為元朗區內私人大廈居民組織介紹及宣傳有效樓宇管理。']
['元朗民政事務處', '史女士', '電話：3586 2592']
['防火訊息環保袋創意設計比賽']
['2025年9月(待定)']
['舉辦環保袋創意設計比賽向區內學生推廣防火安全資訊。']
['元朗區防火委員會', '丘先生', '電話︰2470 1127']
['防火訊息親子填色比賽']
['2025年9月(待定)']
['透過親子填色比賽向區內學生推廣防火安全資訊。']
['元朗區防火委員會', '丘先生', '電話︰2470 1127']
