['南區東分區賀國慶敬老聯歡']
['2024年10月8日', '下午2時30分至5時30分', '香港仔區內酒樓']
['為南區東分區長者舉辦活動，並設綜藝表演及健康講座，與長者一同慶祝國慶。']
['南區民政事務處', '董女士', '電話： 2813 0469']
['賀國慶北分區獻愛心2024']
['2024年10月14日', '下午2時30分至6時', '香港仔新港宴會廳']
['長者透過觀賞傳統文藝表演，感受中華文化的瑰麗多姿，共賀國慶。', '對象：區內年滿65歲長者']
['南區民政事務處', '何先生', '電話：2814 5702']
['南區西分區委員會慶國慶暨弘揚中華文化聯歡茶聚']
['2024年10月26日', '下午2時至5時', '香港仔新港宴會廳']
['舉辦聯歡茶聚，並設各類中華文化表演以及抽獎環節，讓南區西分區400多名居民享受午後快樂時光，一同慶祝國慶，並藉此弘揚中華文化。', '對象：南區西分區居民']
['南區民政事務處', '呂小姐', '電話：2551 0251']
['南區賀國慶防火宣傳教育日暨消防局開放日']
['2024年10月27日', '第一節: 上午10時30分至下午1時', '第二節:下午1時30分至下午4時', '薄扶林消防局']
['區內消防局將開放予公眾參觀，並舉辦活動教導大眾掌握「應急三識」，即「識滅火」、「識自救」和「識逃生」。部分南區消防局亦會舉辦導賞團，供市民參加。', '對象:區內居民']
['南區防火委員會', '李小姐', '電話: 2814 5763']
['2024年南區物業管理講座']
['2024年11月15日', '晚上7時30分至10時', '利東社區會堂']
['由專業人士向參加者講解大廈管理、維修工程及相關範疇的最新知識，將有助他們實施優質樓宇管理。', '對象：區內私人大廈業主、物業管理人員及大廈管理組織成員']
['南區防火委員會', '李小姐', '電話: 2814 5763']
['2024年南區物業管理講座']
['2024年12月17日', '晚上7時30分至10時', '華貴社區中心']
['由專業人士向參加者講解大廈管理、維修工程及相關範疇的最新知識，將有助他們實施優質樓宇管理。', '對象：區內私人大廈業主、物業管理人員及大廈管理組織成員']
['南區防火委員會', '李小姐', '電話: 2814 5763']
['The Sound of Youth: "Do-Re-Me" 無毒新Sing聖誕社區音樂祭']
['2024年10至12月']
['活動內容包括禁毒及音樂訓練工作坊、「桌上角色扮演」工作坊、聖誕社區音樂祭等。', '對象：區內青年及居民']
['南區撲滅罪行委員會', '曾女士']
['「職」刻趕走騙子 - 防範職場騙案計劃']
['2024年10至12月']
['活動內容包括能力建構及防騙工作坊、職涯體驗及競爭力提升工作坊、防騙知識社區推廣活動等。', '對象：區內青年及居民']
['南區撲滅罪行委員會', '曾女士']
['「香港仔避風塘一帶昔日照片」展覽開幕禮']
['2024年12月下旬 (待定)', '下午3時至5時00分 (待定)香港仔海濱公園展覽亭']
['開幕禮後，將緊接照片導賞，分享香港仔避風塘一帶的昔日照片。', '對象:區內青年及居民']
['林莉娜女士', '南區青年社區建設委員會秘書', '電話：2814 5821']
