['大埔區青年網絡長跑代表隊']
['2024年4月至12月']
['透過跑步工作坊，鼓勵青年網絡成員挑戰自我，並組成隊伍參加各種賽事']
['大埔區青年網絡活動策劃委員會', '凌先生', '電話：3580 8062']
['大埔海陸空青年義工團']
['2024年4月至2025年3月', '大埔區']
['青年義工團透過獨木舟、單車、山藝及義診項目融入社區服務']
['大埔區青年網絡活動策劃委員會', '李小姐', '電話：2654 1255']
['第二屆青年實習體驗計劃']
['2024年6至12月']
['為青年網絡成員提供實習機會，發掘有意投身的行業']
['大埔民政事務處', '麥小姐', '電話：2654 1358']
['慶祝國慶75周年第51屆吐露港渡海泳公開賽']
['2024年10月6日', '上午8時至下午2時']
['約800游泳好手及健兒將會參與渡海泳以宣傳地區體育活動。', '對象:香港泳手']
['大埔民政事務處', '葉先生', '電話：2654 1277']
['大埔區防火吉祥物AR設計比賽']
['2024年11月23日']
['參加者於比賽匯報大埔區防火吉祥物的設計意念，得獎作品會製作成擴增實境。', '對象:區內中學生']
['大埔區防火委員會', '蔡小姐', '電話:2654 1432']
['「FUN」 享正向生活2024']
['2024年11月(待定)', '下午2時至4時', '大埔區(待定)']
['嘉賓分享、乒乓球體驗、互動遊戲攤位等', '對象：區內中小學生']
['大埔區撲滅罪行委員會', '吳女士', '電話：2654 1295']
['大埔龍尾沙灘節2024']
['2024年12月']
['青年團體表演、樂隊比賽、青年團體表演、新興運動工作坊、堆沙比賽、拔河比賽、尋寶遊戲、藝術手作坊等。', '對象：區內居民']
['大埔民政事務處', '林女士', '電話：2654 1256']
['大埔職業博覽']
['2024年12月', '大埔區']
['透過專題講座及邀請多樣化的職人分享，協助青年人開拓發展路向。']
['大埔民政事務處', '麥小姐', '電話：2654 1358']
['第二屆大埔單車節']
['2025年2月(待定)']
['在「西沙GO PARK」舉辦單車節，推廣單車運動及鼓勵巿民積極參與社區體育活動。']
['大埔民政事務處', '葉先生', '電話：2654 1277']
