['2024年度屯門區表揚警察計劃']
['2024年8月至12月']
['表揚屯門區內盡忠職守及有傑出表現的警員。', ' ', '對象：屯門區警員']
['屯門區撲滅罪行委員會', '蔡女士', '電話：2451 3437']
['2024年度屯門區防罪大使獎勵計劃']
['2024年8月至12月']
['表揚及鼓勵屯門居民協助撲滅罪行。 ', '對象：屯門區居民']
['屯門區撲滅罪行委員會', '蔡女士', '電話：2451 3437']
['2024年度屯門區最佳保安員選舉']
['2024年9月至11月', '屯門區']
['表揚屯門區內盡忠職守及有傑出表現的保安員，以提高服務質素。', '對象：屯門區保安員']
['屯門區撲滅罪行委員會', '蔡女士', '電話：2451 3437']
['“Be Smart”工作紙比賽2024']
['2024年9月至11月', '屯門區小學']
['透過工作紙填色及創作比賽，向學生宣揚滅罪訊息。', ' ', '對象：屯門區小學生']
['屯門區撲滅罪行委員會', '蔡女士', '電話：2451 3437']
['2024年度屯門區滅罪短片創作比賽']
['2024年9月至11月', '屯門區學校']
['舉辦短片創作比賽，增強區內學生抗拒不良意識誘惑及促使青少年對各種罪行提高警覺。', '對象：屯門區青少年']
['屯門區撲滅罪行委員會', '蔡女士', '電話：2451 3437']
['2024年度屯門區滅罪街板創作比賽']
['2024年9月至11月', '屯門區學校']
['透過街板創作比賽推廣滅罪防罪訊息。', '對象：屯門區中、小學生']
['屯門區撲滅罪行委員會', '蔡女士', '電話：2451 3437']
['防火安全海報設計、標語創作及親子填色比賽2024']
['2024年9月至12月', '屯門區學校']
['透過海報設計、標語創作及親子填色比賽，向區內學生宣傳防火安全訊息。', '對象：屯門區中、小學生和幼稚園學生']
['屯門區防火委員會', '蔡女士', '電話：2451 3437']
['重陽節防止山火宣傳 ']
['2024年9月30日至10月25日', '屯門區']
['在屯門區懸掛預防山火宣傳橫額及向屯門鄉事委員會及屯門區業主立案法團、業主委員會及村代表發出提醒信及海報，以提高市民掃墓期間的消防安全及預防山火意識。', '對象：屯門區掃墓人士及居民']
['屯門區防火委員會', '蔡女士', '電話：2451 3437']
['2024年度屯門區大型滅罪宣傳活動']
['2024年10月至12月', '區內街市、社區會堂及輕鐵月台']
['在屯門區懸掛大型外牆橫額及路邊橫額，以推廣防罪及禁毒的訊息。', '對象：屯門區居民']
['屯門區撲滅罪行委員會', '蔡女士', '電話：2451 3437']
['慶祝中華人民共和國成立75周年 — 屯門區國慶升旗禮暨酒會']
['2024年10月1日', '上午11時45分至下午2時', '屯門文娛廣場及屯門大會堂展覽廳']
['在屯門區舉行升旗儀式及奏唱國歌，提高屯門居民對國民身分的認同和弘揚愛國愛港的精神，以及與市民共同賀國家成立75周年的喜悅。', '對象： 屯門區居民']
['屯門民政事務處', '朱先生', '電話： 2465 1359']
['重陽節前夕防止山火宣傳']
['2024年10月6日', '屯門各殯葬區入口處附近']
['安排廣播車宣傳預防山火訊息，並向掃墓人士派發防火宣傳單張及紀念品。', '對象：屯門區掃墓人士及居民']
['屯門區防火委員會', '蔡女士', '電話：2451 3437']
['屯門區慶祝中華人民共和國成立75周年綜藝晚會']
['2024年10月16日', '屯門大會堂演奏廳']
['以歌唱及舞蹈表演慶祝中華人民共和國成立七十五周年。', '對象：屯門區居民']
['屯門民政事務處', '周女士', '電話： 2451 3316']
['慶祝中華人民共和國成立 75 周年 — 屯門沙灘節 2024']
['2024年10月19日', '下午2時至晚上9時', '屯門黃金泳灘及新咖啡灣泳灘']
['屯門沙灘節為屯門區賀國慶的亮點活動，活動結合青年band show比賽、堆沙體驗、藝術工作坊、沙灘瑜伽、無人機表演及歌星獻唱，藉此與市民齊賀國慶。', '對象 : 屯門區居民']
['屯門民政事務處', '文先生', '電話：2451 3440']
['慶祝中華人民共和國成立75周年—屯門大興及山景分區同樂日 2024']
['2024年10月26日', '下午2時至5時', '屯門旺賢街12號東灣莫羅瑞華學校']
['以舞台表演及展覽攤位等慶祝中華人民共和國成立75周年。', '對象 : 屯門區居民']
['屯門大興及山景分區委員會', '鄭先生', '電話：2451 3270']
['屯門區滅罪防騙宣傳活動2024']
['2024年11至12月', '屯門區長者中心']
['派發滅罪紀念品及警報器，提醒區內長者慎防各類騙案及提高長者的防騙意識。', '對象：屯門區長者']
['屯門區撲滅罪行委員會', '蔡女士', '電話：2451 3437']
['聯繫少青‧關懷活動 – 2024校園講座']
['2024年11月至2025年1月', '屯門區小學']
['在屯門區小學舉行講座，向學生宣揚抗毒及滅罪訊息。', '對象：屯門區高小學生']
['屯門區撲滅罪行委員會', '蔡女士', '電話：2451 3437']
['慶祝中華人民共和國成立75周年─屯門東北分區委員會金曲綜藝晚會']
['2024年11月12日', '晚上7時30分至10時', '屯門大會堂演奏廳']
['以歌唱及舞蹈表演慶祝中華人民共和國成立七十五周年。', '對象：屯門區居民']
['屯門東北分區委員會', '蘇小姐', '電話：2451 3440']
['慶祝中華人民共和國成立75周年 — 屯門西北文藝晚會2024']
['2024年11月15日', '晚上7時至10時30分', '屯門大會堂演奏廳']
['由本地團體及表演者同台進行歌舞表演，促進居民對社區的歸屬感，並一同慶祝中華人民共和國成立75周年。', '對象︰屯門區居民']
['屯門民政事務處', '朱先生', '電話： 2465 1401']
['邁向第15屆全運會及第12屆殘特奧會：2024屯門體育節 - 屯門區羽毛球比賽']
['2024年11月16日及23日 (待定)', '屯門兆麟體育館 ']
['舉辦羽毛球比賽，藉以推動屯門區的康體文化發展，並響應第15屆全運會及第12屆殘特奧會。', '對象：屯門區居民']
['屯門民政事務處', '周女士', '電話： 2451 3316']
['慶祝中華人民共和國成立75周年—屯門西南分區文藝匯演']
['2024年11月23日', '下午2時至5時30分', '屯門蝴蝶邨蝴蝶灣社區中心 ']
['以舞台表演及展覽攤位等慶祝中華人民共和國成立75周年。', '對象 : 屯門區居民']
['屯門西南分區委員會', '許女士', '電 話 : 2467 6380']
['邁向第15屆全運會及第12屆殘特奧會：2024屯門體育節 - 屯門區乒乓球比賽']
['2024年11月30日及12月8日', '(待定)', '屯門兆麟體育館 ']
['舉辦乒乓球比賽，藉以推動屯門區的康體文化發展，並響應第15屆全運會及第12屆殘特奧會。', '對象：屯門區居民']
['屯門民政事務處', '周女士', '電話： 2451 3316']
['2024年度屯門區歲晚冬防滅罪宣傳活動']
['2024年12月', '屯門文娛廣場 (待定)']
['派發紀念品以宣揚滅罪訊息。', '對象：屯門區居民']
['屯門區撲滅罪行委員會', '蔡女士', '電話：2451 3437']
['18區日夜都繽紛 - 青樂屯遊', '(待定)']
['2024年 12 月 (待定)']
['由區內學生推介好買、好玩的熱點，並邀請商戶於聖誕及新年推出優惠。']
['屯門民政事務處', '周女士', '電話： 2451 3316']
['屯門區防火安全同樂日暨健康安全社區展覽']
['2024年12月14日', '屯門文娛廣場']
['透過舞台表演、攤位遊戲和展覽宣揚防火訊息，以及舉行健康安全社區展覽。', '對象：屯門區居民']
['屯門區防火委員會', '蔡女士', '電話：2451 3437']
['屯門冬日舞動音樂遊藝會']
['2024年12月15日(待定)', '時間︰待定', '屯門天后廟廣場']
['以舞蹈比賽、音樂演出、多元化攤位遊戲及工作坊等活動為居民帶來難忘的冬日氣氛。', '對象：屯門區居民']
['屯門民政事務處', '周女士', '電話： 2451 3316']
['屯門區避風塘防火宣傳(農曆年間)']
['2025年1月', '屯門避風塘']
['聯同消防處及海事處舉行防火演習及講座，宣傳海上防火安全。', '對象：屯門區漁民和居民']
['屯門區防火委員會', '蔡女士', '電話：2451 3437']
['邁向第15屆全運會及第12屆殘特奧會：2024屯門體育節 - 屯門區三人籃球比賽']
['2025年1月 (待定)', '屯門兆麟體育館 ']
['舉辦三人籃球比賽，藉以推動屯門區的康體文化發展，並響應第15屆全運會及第12屆殘特奧會。', '對象：屯門區居民']
['屯門民政事務處', '周女士', '電話： 2451 3316']
['屯門區青年Showcases暨 「成功有約」嘉許禮']
['2025年1月11日', '下午2時至5時', '屯門文娛廣場']
['青年表演、頒獎典禮等。', '對象 : 屯門區內居民及「成功有約」計劃學員']
['屯門區青年發展及公民教育委員會', '黎女士', '電話：2451 3048']
['邁向第15屆全運會及第12屆殘特奧會：2024屯門體育節 - 屯門區親子運動競技日']
['2025年1月12日 (待定)', '下午2時30分至6時 (待定)', '兆麟運動場']
['舉辦親子運動競技日，藉以推動屯門區的康體文化發展，並響應第15屆全運會及第12屆殘特奧會。', '對象：屯門區居民']
['屯門民政事務處', '周女士', '電話： 2451 3316']
['邁向第15屆全運會及第12屆殘特奧會：2024屯門體育節 - 屯門區七人足球比賽']
['初賽︰', '2025年2月(待定)', '屯門區內足球場', '決賽：', '2025年2月23日(待定)', '兆麟運動場']
['舉辦七人足球比賽，藉以推動屯門區的康體文化發展，並響應第15屆全運會及第12屆殘特奧會。', '對象：屯門區居民']
['屯門民政事務處', '周女士', '電話： 2451 3316']
['屯門區齊心滅罪嘉年華2024-2025']
['2025年2月16日', '屯門文娛廣場']
['透過舞台表演、攤位遊戲、展覽等宣揚滅罪訊息。', '對象：屯門區居民']
['屯門區撲滅罪行委員會', '蔡女士', '電話：2451 3437']
