['東區傑出保安服務嘉許計劃2024']
['提名期：', '2024年8月5日至9月26日', '頒獎禮：', '2025年1月18日', '下午2時15分', '愛秩序灣公園']
['表揚區內表現良好的保安員及物業保安公司，以提升區內治安及加強宣傳防罪訊息。']
['東區撲滅罪行委員會', '鄧超盈先生', '電話：2886 6521']
['慶祝中華人民共和國成立75周年 東區撲滅罪行填色比賽及WhatsApp貼圖設計比賽']
['報名期：', '2024年9月1日至10月3日', '頒獎禮：', '2025年1月18日', '下午2時15分', '愛秩序灣公園']
['邀請區內學生參加填色比賽及WhatsApp 貼圖設計比賽，以宣傳滅罪訊息。']
['東區撲滅罪行委員會', '鄧超盈先生', '電話：2886 6521']
['東區滅罪3人籃球比賽迎全運']
['報名期：', '2024年9月1日至10月2日', '比賽日程：', '初賽︰', '2024年11月3日', '上午10時至下午5時', '準決賽、決賽及頒獎禮︰', '2024年11月24日', '下午2時至5時', '地點：小西灣體育館']
['透過舉辦3人籃球比賽向中學生宣傳抗毒「一齊企硬 唔take嘢!」及活出健康人生的訊息，以及提升居民對全國運動會的意識。']
['東區撲滅罪行委員會', '鄧超盈先生', '電話：2886 6521']
['印製2025年滅罪宣傳掛曆']
['日期：', '2024年11月17日', '時間：', '下午2時30分開始', '(即"東區「耆樂幼愛」禁毒滅罪嘉年華"的典禮儀式之後) ', '地點：', '愛秩序灣公園，於東區撲滅罪行委員會的防罪宣傳攤位派發。每人限取一份，派完即止。 ']
['向東區居民派發掛曆以宣傳滅罪訊息。']
['東區撲滅罪行委員會', '鄧超盈先生', '電話：2886 6521']
['重陽節防止山火宣傳活動']
['2024年10月6日', '上午10時至11時', '柴灣新廈街']
['向公眾派發紀念品及宣傳單張，以宣傳防止山火的訊息。']
['東區防火委員會', '黃先生', '電話:3427 3419']
['慶祝中華人民共和國成立75周年怡灣歡聚同樂日2024']
['2024年10月26日', '上午10時30分至下午5時']
['透過攤位遊戲及金曲表演以慶祝國慶75周年']
['怡灣分區委員會', '楊女士']
['東區區議會宣傳紀念品']
['2024年11月至2025年2月(待定)']
['派發宣傳紀念品，向東區居民宣傳東區區議會。']
['東區區議會、東區民政事務處', '鄧超盈先生', '電話：2886 6521']
['慶祝中華人民共和國成立75周年 東區消防安全嘉年華']
['2024年11月2日', '下午2時至6時', '愛秩序灣公園']
['透過嘉年華及儀仗隊步操演示，讓市民感受國慶的歡樂氣氛，並灌輸防火及國家發展的知識。']
['東區防火委員會', '李女士', '電話︰3427 3437']
['東區「耆樂幼愛」禁毒滅罪嘉年華']
['2024年11月17日', '下午2時至5時30分', '愛秩序灣公園']
['透過攤位遊戲及音樂表演，與警方合作向長者及年青人宣傳 2024-25年度滅罪宣傳計劃的主題，包括防騙、防盜及禁毒等訊息。']
['東區撲滅罪行委員會', '鄧超盈先生', '電話：2886 6521']
['東區聖誕節燈飾裝置']
['2024年12月2日至2025年1月17日(待定)', '東區文化廣場 (待定)']
['佈置燈飾，與東區居民同慶聖誕新年。']
['東區民政事務處', '潘寶華女士', '電話：2879 7090']
['派發福袋']
['2024年12月18日', '上午10時 (暫定)']
['向居民派發福袋，送上關愛和溫暖。', '對象︰區內居民']
['北角東分區委員會', '黃先生', '電話︰2570 4125']
['迎春接福─怡灣分區派揮春']
['2024年12月18日', '上午10時及下午4時']
['向怡灣分區居民派發揮春以慶祝農曆新年。']
['怡灣分區委員會', '楊女士']
['東區滅罪禁毒助更生暨推廣基本法嘉年華會 2024']
['2025年1月18日', '下午2時至5時30分', '愛秩序灣公園']
['透過樂隊表演、歌星獻唱、攤位遊戲及展覽等項目宣傳滅罪訊息及推廣基本法。']
['東區撲滅罪行委員會、東區民政事務處', '鄧超盈先生', '電話：2886 6521']
['清明節防止山火宣傳活動']
['2025年3月23日', '上午10時至11時', '柴灣新廈街']
['向公眾派發紀念品及宣傳單張，以宣傳防止山火的訊息。']
['東區防火委員會', '黃先生', '電話:3427 3419']
