['18區日夜都繽紛—沙田 北區 大埔冬日消費大抽獎']
['2024年12月22日至2025年1月31日', '沙田、北區及大埔']
['以舉辦大抽獎活動，以吸引本地市民和旅客在沙田、北區及大埔區內消費，並振興三區的經濟。', '對象：公眾及旅客']
['沙田民政事務處', '陳女士', '電話：2158 5327']
['沙田區青年發展及公民教育嘉年華']
['2025年1月12日', '上午10時至下午5時', '沙田公園']
['區內學校及地區團體參與表演、設置攤位遊戲及展示活動成果，總結委員會本年度的青年發展及公民教育工作。', '對象：區內居民']
['沙田民政事務處', '劉先生', '電話：2158 5346']
['中華養生有道—參觀活動系列']
['2025年1月12日', '上午10時至中午12時', '香港中文大學藥園']
['參觀多個與中醫藥有關的地方，藉以增進參加者對中醫藥的認識。', '對象：區內居民']
['沙田民政事務處', '彭女士', '電話：2158 5447']
['中華養生有道—參觀活動系列']
['2025年1月14日', '下午2時至4時', '香港浸會大學孔憲紹博士伉儷中醫藥博物館']
['參觀多個與中醫藥有關的地方，藉以增進參加者對中醫藥的認識。', '對象：區內居民']
['沙田民政事務處', '彭女士', '電話：2158 5447']
['中華養生有道—參觀活動系列']
['2025年1月15日', '上午10時至中午12時', '位元堂']
['參觀多個與中醫藥有關的地方，藉以增進參加者對中醫藥的認識。', '對象：區內居民']
['沙田民政事務處', '彭女士', '電話：2158 5447']
['中華養生有道—參觀活動系列']
['2025年1月17日', '下午2時至4時', '香港浸會大學孔憲紹博士伉儷中醫藥博物館']
['參觀多個與中醫藥有關的地方，藉以增進參加者對中醫藥的認識。', '對象：區內居民']
['沙田民政事務處', '彭女士', '電話：2158 5447']
['中華養生有道—參觀活動系列']
['2025年1月19日', '上午10時至中午12時', '賽馬會老圍中藥園']
['參觀多個與中醫藥有關的地方，藉以增進參加者對中醫藥的認識。', '對象：區內居民']
['沙田民政事務處', '彭女士', '電話：2158 5447']
['沙田社區健康日']
['2025年1月19日', '上午10時至下午6時', '圓洲角社區會堂']
['透過舉辦講座、運動示範、健康檢查及遊戲攤位，以增強參加者的健康意識及提倡健康生活', '對象：區內居民']
['沙田民政事務處', '李先生', '電話：2158 5341']
['SING動沙田歌唱比賽']
['2025年1月19日', '下午7時至下午9時', '香港浸會大學附屬學校王錦輝中小學']
['為學員提供歌唱技巧等專業指導，並於歌唱比賽決賽爭奪獎項。', '對象：區內人士']
['沙田文化藝術推廣委員會', '羅女士', '電話：2158 5342']
['中華養生有道—參觀活動系列']
['2025年2月8日', '上午10時至中午12時', '賽馬會老圍中藥園']
['參觀多個與中醫藥有關的地方，藉以增進參加者對中醫藥的認識。', '對象：區內居民']
['沙田民政事務處', '彭女士', '電話：2158 5447']
['中華養生有道—參觀活動系列']
['2025年2月9日', '上午10時至中午12時', '賽馬會老圍中藥園']
['參觀多個與中醫藥有關的地方，藉以增進參加者對中醫藥的認識。', '對象：區內居民']
['沙田民政事務處', '彭女士', '電話：2158 5447']
['中華養生有道—參觀活動系列']
['2025年2月11日', '下午2時至4時', '香港浸會大學孔憲紹博士伉儷中醫藥博物館']
['參觀多個與中醫藥有關的地方，藉以增進參加者對中醫藥的認識。', '對象：區內居民']
['沙田民政事務處', '彭女士', '電話：2158 5447']
['中華養生有道—參觀活動系列']
['2025年2月13日', '下午2時至4時', '香港浸會大學孔憲紹博士伉儷中醫藥博物館']
['參觀多個與中醫藥有關的地方，藉以增進參加者對中醫藥的認識。', '對象：區內居民']
['沙田民政事務處', '彭女士', '電話：2158 5447']
['中華養生有道—參觀活動系列']
['2025年2月14日', '下午2時至4時', '香港浸會大學孔憲紹博士伉儷中醫藥博物館']
['參觀多個與中醫藥有關的地方，藉以增進參加者對中醫藥的認識。', '對象：區內居民']
['沙田民政事務處', '彭女士', '電話：2158 5447']
['中華養生有道—參觀活動系列']
['2025年2月17日', '下午2時至4時', '香港中文大學藥園']
['參觀多個與中醫藥有關的地方，藉以增進參加者對中醫藥的認識。', '對象：區內居民']
['沙田民政事務處', '彭女士', '電話：2158 5447']
['沙田青年全力支持全運會之「2025國際籃聯(FIBA)亞洲盃預選賽：中國對日本」']
['2025年1月20日', '晚上7時30分 - 10時', '深圳市體育中心體育館']
['到現場觀賞「2025國際籃聯(FIBA)亞洲盃預選賽：中國對日本」，為中國男籃打氣。', '對象：沙田區內中學生']
['沙田民政事務處', '陳小姐', '電話：2158 5377']
['沙瀝「童」心鬆一鬆 —青少年活動體驗資訊日']
['2025年2月23日', '上午10時至下午6時', '沙瀝角落']
['設家長講座、藝術工作坊及運動體驗，助青少年培養正向思維。', '對象：區內青少年及家長']
['沙田民政事務處', '藍女士', '電話：2158 5363']
['「歌舞傳沙田」舞蹈比賽']
['2025年2月23日', '下午7時30分至10時', '沙田大會堂文娛廳']
['舉辦舞蹈工作坊、後台導賞及中國舞蹈比賽，提高學生對中國舞的認識和興趣。', '對象：區內中學生']
['沙田文化藝術推廣委員會', '盧詠詩女士', '電話：2158 5344']
['新春粵劇齊齊賞']
['2025年3月2日', '下午7時至10時', '沙田大會堂演奏廳']
['粵劇表演', '對象：區內居民']
['沙田文化藝術推廣委員會', '盧詠詩女士', '電話：2158 5344']
