['油尖旺四分區粵劇慶回歸2024']
['2024年8月13日', '下午2時至11時']
['日場：7場粵劇折子戲', '夜場：3小時足本粵劇']
['油尖旺民政事務處', '張小姐']
['油尖旺青年網絡計劃']
['2024年7月至2025年2月', '油尖旺區']
['透過多元化的活動，鼓勵青年全面發展，發揮才能，建設社會。']
['油尖旺民政事務處', '陳女士', '電話：2399 2131']
['油尖旺ｘ青年跑']
['2024年9月至2025年3月', '油尖旺區']
['透過專業的長跑訓練，鍛鍊不同族裔青年的意志，建立正面及積極的價值觀。']
['油尖旺民政事務處', '陳女士', '電話：2399 2131']
['油尖旺青年共融桌球體驗分享會']
['2024年10月27日', '下午12時30分至2時30分', '尖沙咀洺城會']
['透過運動員嘉賓示範及表演賽、答問環節及試玩桌球，鼓勵青年參加有益身心的運動。']
['油尖旺民政事務處', '張女士', '電話：2399 2580']
['油尖旺青少年劍擊比賽']
['2024年12月21日及22日 (待定)', '油麻地社區中心休憩花園及梁顯利油麻地社區中心']
['透過劍擊比賽，提升青年對體育的興趣，以及推廣劍擊運動。']
['油尖旺民政事務處', '張女士', '電話：2399 2580']
['油尖旺盃青少年羽毛球比賽']
['2025年1月18日 (待定)', '九龍公園體育館']
['透過羽毛球比賽，提升青年對體育的興趣，並推廣羽毛球運動。']
['油尖旺民政事務處', '張女士', '電話：2399 2580']
['油尖旺區青少年三人籃球賽']
['2025年2月22日及23日 (待定)', '康達徑花園籃球場']
['透過籃球比賽，鼓勵青年運動，並培養合作和體育精神。']
['油尖旺民政事務處', '張女士', '電話：2399 2580']
['油 尖 旺 區 大 廈 管 理 工 作 坊', '（2024 年8月）']
['2024年8 月24日', '上午11時至下午1時']
['簡介物業管理業監管局，包括發牌制度、投訴機制及個案分享']
['油尖旺民政事務處', '梁潔雯女士', '電話：2642 2231']
['油 尖 旺 區 大 廈 管 理 工 作 坊', '（2024 年8月）']
['2024年8 月8日', '晚上7時至晚上9時']
['由執業律師講解《建築物管理條例》及相關案例。']
['油尖旺民政事務處', '梁潔雯女士', '電話：2642 2231']
['油 尖 旺 區 大 廈 管 理 通 訊', '（2024 年第二期）']
['日期：2024年9月', '地點：油尖旺區']
['印製大廈管理通訊予區內居民、大廈管理組織代表及居民聯絡大使，內容包括專題探討及宣傳大廈管理支援服務。']
['油尖旺民政事務處', '梁潔雯女士', '電話：2642 2231']
['油尖旺地區主導行動計劃─｢消防安全指示｣支援服務計劃']
['2024年4月至12月', '油尖旺區']
['為區內目標大廈提供支援服務，協助業主跟進及處理消防安全指示。', '對象：區內目標大廈的業主']
['油尖旺民政事務處 ', '馮先生 ', '電話：2885 8289']
['油尖旺地區主導行動計劃─油尖旺區清洗大廈公用部分項目']
['2024年4月至12月', '油尖旺區']
['為區內目標大廈清洗公用地方，藉此提升公眾對環境及個人衞生的關注，並鼓勵業戶積極參與大廈管理。', '對象：區內目標大廈的居民']
['油尖旺民政事務處', '蔡女士', '電話：2885 8121']
['油 尖 旺 區 大 廈 管 理 工 作 坊', '（2024 年11月）']
['2024年11月 (TBC)']
['香港漏水檢測師學會分享']
['油尖旺民政事務處', '梁潔雯女士', '電話：2642 2231']
['油 尖 旺 區 大 廈 管 理 工 作 坊', '（2024 年11月）']
['2024年11月 (TBC)']
['由執業律師講解《建築物管理條例》及相關案例。']
['油尖旺民政事務處', '梁潔雯女士', '電話：2642 2231']
['油尖旺區消防及救護青年團／消防安全大使 - 湖北創科及歷史文化交流團']
['2024年7月16-19日', '湖北']
['讓香港青年認識祖國悠久的歷史文化，見證祖國在科技創新、工業化、城鄉發展、體育發展事業等領域取得的驕人成就。', '對象：油尖旺區消防及救護青年團及消防安全大使']
['油尖旺民政事務處', '石先生', '電話：2399 2552']
['慶祝中華人民共和國成立75周年 — 「樂遊油尖旺」城市定向暨道路「智」安全同樂日 (暫名)']
['2024年11月9日', '上午10時至下午3時 (暫定)', '麥花臣遊樂場足球場']
['透過城市定向，從不同的任務中了解區內的不同地標，加深對油尖旺區的認識', '對象：區內居民']
['油尖旺區道路安全運動統籌委員會', '麥頴申先生']
['慶祝中華人民共和國成立75周年-油尖旺健康日 (暫名)']
['2024年11月10日', '上午10時至下午3時 (暫定)', '梁顯利油麻地社區中心禮堂']
['舉辦健康講座活動，內容包括專題講座、展覽及健康檢查攤位等，向公眾推廣不同的健康資訊。', '對象：區內居民']
['油尖旺區健康城市執行委員會', '馮曉儀小姐']
['慶祝中華人民共和國成立75周年-油尖旺健康嘉年華 (暫名)']
['2024年12月14日', '下午2時至下午6時(暫定)', '九龍公園廣場']
['提供攤位遊戲、身體檢查項目、互動體驗等活動，向市民推廣不同的健康知識。', '對象：區內居民']
['油尖旺區健康城市執行委員會', '馮曉儀小姐']
['慶祝油尖旺多元文化活動中心成立五周年']
['2024年11月3日', '下午1時30分至3時30分']
['為慶祝國慶75周年及慶祝油尖旺多元文化活動中心成立五周年及，活動包括攤位遊戲，屆時亦會播放本中心活動回顧的短片，一同展望將來。']
['油尖旺民政事務處', '陳皓言先生']
['油尖旺少數族裔師友計劃畢業禮暨油尖旺區關愛隊多元共融師友計劃迎新會']
['2024年9月21日', '上午11時至下午12時', '油尖旺多元文化活動中心']
['師友感言分享、頒發紀念品、互動環節、節目表演。', '對象：油尖旺關愛隊之少數族裔師友計劃、多元共融師友計劃參加者']
['油尖旺民政事務處', '杜先生']
['愛我中華 千年傳承共舞動']
['2024年9月29日', '上午10時至下午12時', '西九文化區竹翠公園']
['為慶祝國慶75周年，活動以愛國歌曲《半生雪》為題創作手勢舞，挑戰創健力士世界紀錄，配合文藝表演，弘揚愛國主義精神。']
['油尖旺民政事務處', '李先生', '電話: 2399 2574']
['大灣區創科事業機遇@油尖旺青年生涯規劃交流會']
['2024 年10月 26日', '下午2時30分至下午4時', '香港理工大學賽馬會創新樓3樓V322 演講廳']
['透過交流會加深區內學生對大灣區創新科技生態圈的認識及對國家的歸屬感。']
['油尖旺推廣「一國兩制」委員會', '蕭先生', '電話: 2399 2573']
['油尖旺東分區少數族裔青少年野外定向體驗日營']
['2024年11月2日', '下午2時至晚上9時15分', '九龍飛鵝山大老坳基維爾營地']
['透過舉辦野外定向、網陣挑戰、營火會及互動分享會等活動，介紹油尖旺東分區文化特色和宣揚社區共融訊息。']
['油尖旺東分區委員會', '陳先生電話: 2399 2751']
