['慶祝中華人民共和國成立75周年', '別出「深」裁  時裝設計比賽 2024']
['2024年6月至11月', '[總決賽: ', '日期：2024年11月29日', '時間：下午5時至7時', '(時間待定)]', 'AIRSIDE']
['此比賽以「國潮」為主題，旨在讓青年發揮創意和展示才藝，推動時裝設計產業發展。']
['深水埗區青年發展及公民教育委員會', '李嘉華女士', '電話:2150 8157']
['慶祝中華人民共和國成立75周年—深水埗區空氣淨化機送暖行動']
['2024 年 10 月 1 日', '下午3時30分至4時30分', '深水埗體育館']
['啟動禮和舞台表演。', '對象:區內居民']
['深水埗民政事務處', '陳美順小姐', '電話:2150 8187']
['慶祝中華人民共和國成立七十五周年深水埗歷史講座']
['2024年10月4日', '下午6時30分', '地點: 前北九龍裁判法院', '2024年10月26日', '上午11時', '地點: 深水埔街坊福利事務促進會禮堂']
['舉辦講座，以慶祝中華人民共和國成立75周年，並加強深水埗區居民對本區歷史、文化及發展的認識，從而提高他們對本區的歸屬感。']
['深水埗民政事務處', '劉先生', ' 電話: 21508168']
['慶祝中華人民共和國成立75周年 - 「深」愛社區．拍出深水情 - 攝錄影比賽']
['2024年10月5日', '下午5時正', '地點:長沙灣海濱花園']
['今次攝錄影比賽主題主要分為1)深水埗場區內特色景色及2)長沙灣海濱花園，希望能透過是次比賽，加深全港市民、遊客等對深水埗的認識，帶動本土經濟及旅遊業的發展。']
['深水埗民政事務處', '黃杏兒女士', '電 話 : 2150 8155']
['十八區國慶樂悠遊 (深水埗區)']
['2024年10月12日', '2024年10月19日', '2024年10月26日', '上午10時至下午5時', '深水埗和尖沙嘴']
['低收入/基層家庭本地一日遊。']
['深水埗民政事務處', '梁麗琼女士', '電話: 2150 8206']
['深水埗區地區主導行動計劃 － 大廈管理專題講座']
['2024年10月24日', '下午7時至8時', '石硤尾社區會堂']
['推動成立業主立案法團及宣傳良好大廈管理的重要性。', '對象：區內居民']
['深水埗區地區主導行動計劃組', '蘇啓恒先生', '電話: 2150 8190']
['參觀消防處潛水基地']
['2024年10月26日', '下午2時至3時15分 及 4時至5時15分', '昂船洲消防處潛水基地']
['參觀位於昂船洲的消防處潛水基地。', '對象: 區內中學生']
['深水埗區防火委員會', '梁永傑先生', '電話: 2150 8186']
['慶祝中華人民共和國成立75周年 - 「同心熊貓海濱遊 非遺文化齊體驗」主題展覽活動']
['儀式日期: 2024年10月31日', '展出日期: 2024年10月31日至2025年2月15日', '地點:', '長沙灣海濱長廊 (長沙灣荔盈街)']
['為慶祝中華人民共和國成立75周年，深水埗民政事務處聯同九龍西區各界協會、香港四川社團總會及香港成都社團總會於長沙灣海濱長廊舉行慶祝活動。活動亮點包括展出12款結合非物質文化遺產與時尚設計的「同心熊貓」，當中7款設計來自四川設計師，5款由香港不同人士參與設計，寓意兩地同心，共賀國慶75周年。 玻璃纖維熊貓雕塑系列高約1.5米至1.8米，展出日期由2024年10月31日至2025年2月15日，12款均展現不同形態，供市民打卡。']
['深水埗民政事務處', '黃杏兒女士', '電 話 : 2150 8155']
['「3D深水埗360」計劃']
['2024 年 10 月 至 11月']
['透過一系列多元化的學習活動，讓青少年掌握運用包括地理信息系統軟件在內的資訊科技技能，呈現深水埗區的特色。']
['深水埗區青年發展及公民教育委員會', '李嘉華女士', '電話:2150 8157']
['慶祝中華人民共和國成立七十五周年—深水埗三分區粵劇欣賞會']
['2024年11月5-7日', '晚上7時至10時', '荃灣大會堂演奏廳']
['粵劇表演', '對象: 區內居民']
['深水埗民政事務處', '何潤賢先生', '電話: 2150 8176']
['防患未「燃」- 深水埗區排檔 X 大廈聯合防火演習暨提升營運設備計劃']
['2024年11月7日', '下午2時至3時', '鴨寮街']
['於鴨寮街排檔區及附近一帶進行聯合防火演習。', '對象: 鴨寮街排檔區小販及附近居民']
['深水埗區防火委員會', '梁永傑先生', '電話: 2150 8186']
['「如何遵辦消防安全指示」講座暨經驗分享會']
['2024年11月16日', '下午7時30分至9時30分 ', '麗閣社區會堂']
['介紹消防安全指示及相關資訊，並設經驗分享會和問答環節，供區內居民參與。', '對象:區內居民']
['深水埗區防火委員會', '梁永傑先生', '電話: 2150 8186']
['深水埗區地區主導行動計劃 － 大廈管理專題講座']
['2024年11月21日', '下午7時至8時', '石硤尾社區會堂']
['推動成立業主立案法團及宣傳良好大廈管理的重要性', '對象：區內居民']
['深水埗區地區主導行動計劃組', '蘇啓恒先生', '電話: 2150 8190']
['深水埗中南分區體適能迎全運']
['2024年11月28日', '下午3時至5時', '麗閣社區會堂']
['講座、示範及問答環節等。', '對象:區內居民']
['深水埗中南分區委員會', '曾慶漩女士', '電話:2150 8151']
['與提子同遊深水埗']
['2024年12月-2025年1月', '早上9時至下午10時', '區内八間社區會堂及中心']
['設立防騙吉祥物「提子」打卡點，並派發宣傳單張，以傳遞防騙資訊。', '對象：設施使用者和區内居民']
['深水埗區撲滅罪行委員會 ', '甄淑嫻小姐', '電話: 2150 8158']
['深水埗西分區敬老健康普查']
['2024年12月至2025年2月', '深水埗區']
['為區內長者居民免費提供健康檢查，收集他們的健康檢查數據，並向他們提出建議。', '對象: 區內居民']
['深水埗民政事務處', '何潤賢先生', '電話: 2150 8176']
['國家憲法日2024 @深水埗區']
['2024年12月4日', '下午3時至5時', '九龍工業學校']
['講座、討論及問答環節等。', '對象：區內中學生']
['深水埗區撲滅罪行委員會 ', '馬燕婷小姐', '電話: 2150 8160']
['深水埗區傑出警察獎勵計劃']
['2024年12月8日', '下午12:30至5:30', '長沙灣遊樂場']
['表彰表現傑出的警察。', '對象：區内傑出警察']
['深水埗區撲滅罪行委員會 ', '甄淑嫻小姐', '電話: 2150 8158']
['齊「深」滅罪體育嘉年華@深水埗區']
['2024年12月8日', '下午12:30至5:30', '長沙灣遊樂場']
['透過表演、攤位遊戲等，宣揚滅罪、體育、禁毒及助更生訊息。', '對象：區内居民']
['深水埗區撲滅罪行委員會 ', '甄淑嫻小姐', '電話: 2150 8158']
['深入探索深水埗：慶祝中華人民共和國成立75周年故事地圖大賽']
['2024年12月14日', '上午9時30分至下午1時', '中華基督教會協和小學(長沙灣)']
['透過地圖與空間數據，講述深水埗區的故事，增強學生對家國的歸屬感。', '對象：深水埗區中小學生']
['深水埗學校聯絡委員會', '蕭皓恩女士']
['深水埗區地區主導行動計劃 － 大廈管理專題講座']
['2024年12月19日', '下午7時至8時', '石硤尾社區會堂']
['推動成立業主立案法團及宣傳良好大廈管理的重要性。', '對象：區內居民']
['深水埗區地區主導行動計劃組', '蘇啓恒先生', '電話: 2150 8190']
['地區為本種族融和計劃2024-2025 -新興運動體驗日']
['2024年12月21日', '下午12時至6時']
['典禮, 躲避盤比賽, 新興運動體驗', '對象:區內居民及少數族裔人士']
['新家園協會九龍西服務處   ', '林洛遙小姐', '電話:2720 7017']
['深水埗區防火嘉年華暨長沙灣消防局及救護站開放日']
['2024年12月21日', '下午1時至5時30分', '長沙灣遊樂場']
['舞台表演、模擬撲滅火警示範、攤位遊戲、長沙灣消防局及救護站開放日等', '對象: 區內居民']
['深水埗區防火委員會', '梁永傑先生', '電話: 2150 8186']
['18區日夜都繽紛 @ 「護動」深水埗Running Pet嘉年華']
['2024年12月29日', '時間待定', '饒宗頤文化館']
['活動旨在向市民宣揚愛護動物信息，並提供平台讓大眾更了解深水埗區，尤其在推動動物友善社區方面的發展。']
['深水埗民政事務處', '吳婷婷女士', '電話:2150 8141']
['齊「深」滅罪‧禁毒大步走＠深水埗']
['2025年1月12日', '下午1時至5時', '麗閣社區會堂']
['透過社區定向活動，於深水埗區各處宣揚滅罪訊息。', '對象：區内家庭及學生']
['深水埗區撲滅罪行委員會 ', '甄淑嫻小姐', '電話: 2150 8158']
['深水埗區地區主導行動計劃 － 大廈管理專題講座']
['2025年1月16日', '下午7時至8時', '石硤尾社區會堂']
['推動成立業主立案法團及宣傳良好大廈管理的重要性。', '對象：區內居民']
['深水埗區地區主導行動計劃組', '蘇啓恒先生', '電話: 2150 8190']
['深水埗區少數族裔共融防火講座（烏爾都語）']
['2025年1月18日', '下午2時至3時', '麗閣社區會堂']
['透過防火講座和滅火示範，提高區內少數族裔人士（操烏爾都語）的消防安全意識。', '對象: 區內少數族裔人士']
['深水埗區防火委員會', '梁永傑先生', '電話: 2150 8186']
['深水埗區少數族裔共融防火講座（尼泊爾語）']
['2025年1月18日', '下午3時30至4時30分', '麗閣社區會堂']
['透過防火講座和滅火示範，提高區內少數族裔人士（操尼泊爾語）的消防安全意識。', '對象: 區內少數族裔人士']
['深水埗區防火委員會', '梁永傑先生', '電話: 2150 8186']
['八鄉少訊中心領袖訓練營']
['2025年2月22日-23日', '八鄉少訊中心']
['安排學生參觀八鄉少訊中心，為他們提供紀律、體能和團隊訓練，同時提高他們的守法意識。', '對象：區内中學生']
['深水埗區撲滅罪行委員會 ', '甄淑嫻小姐', '電話: 2150 8158']
