['2024-25年度荃灣區節日燈飾活動(慶祝中華人民共和國成立七十五周年)']
['2024年9月至10月', '晚上 6 時至凌晨12時', '荃灣區內行人天橋']
['透過在區內佈置燈飾，營造歡樂節日氣氛，與市民一起慶祝國慶。']
['荃灣民政事務處', '李小姐', '電 話 : 3515 5643']
['荃灣區防火委員會創作比賽']
['2024年10月至2025年1月', '荃灣區']
['舉辦一系列創作比賽，向區內學生及居民推廣防火安全資訊。', '對象： 區內學生及居民']
['荃灣區防火委員會', '鄭先生', '電話： 3515 5654']
['國慶綜合文藝晚會']
['2024年10月1日', '晚上7時30分至10時30分', '荃灣大會堂演奏廳']
['通過舉辦表演活動讓不同團體參與國慶活動，加強市民對社區、香港和祖國的歸屬感。']
['荃灣各界慶祝國慶籌委會', '電 話: 5443 5397']
['75箏•茶匯LIVE']
['2024年10月5日', '下午3時至5時', '荃灣大會堂展覽館']
['通過舉辦具中華傳統文化特色的中樂表演和茶藝示範讓荃灣市民參與國慶活動，增加市民對中國歷史及中華傳統文化的認識及其對社區、香港和祖國的歸屬感。']
['荃灣各界慶祝國慶籌委會', '電 話: 5443 5397']
['經典名劇耀中華']
['2024年10月6日', '下午2時15分至5時', '晚上7時15分至10時30分', '荃灣大會堂演奏廳']
['通過舉辦粵劇表演讓荃灣市民參與國慶活動，加強市民對社區、香港和祖國的歸屬感。']
['荃灣各界慶祝國慶籌委會', '電 話: 5443 5397']
['魅力荃城賀國慶 幻影飄色市集樂繽紛']
['2024年10月17日至21日', '下午2時至晚上10時', '(2024年10月17日至18日)', '下午12時至晚上10時', '(2024年10月19日至20日)', '下午2時至晚上8時', '(2024年10月21日)', '沙咀道遊樂場及荃灣區內部分街道']
['活動結合市集、光影匯影及具鄉情特色表演(如飄色巡遊)等，與荃灣居民共慶中華人民共和國成立七十五周年。']
['荃灣各界慶祝國慶籌委會', '電 話: 5443 5397']
['粵曲巡迴演(第一場)']
['2024年10月27日', '下午1時15分至5時', '梨木樹社區會堂']
['區內團體及粵劇紅伶表演粵曲，以推廣粵曲文化。', '對象：區內居民']
['荃灣藝術節統籌委員會', '李女士', 'Tel: 9543 8789']
['2024荃灣區私人樓宇管理研討會']
['2024年11月1, 8, 15及22日 ', '晚上7時30分至9時', '西樓角花園多用途活動室']
['透過多個專題探討，推廣良好大廈管理的重要。', '對象：區內業主及居民']
['荃灣民政事務處', '黎小姐', '電話：3515 5638']
['粵曲巡迴演(第二場)']
['2024年11月3日', '下午1時15分至5時', '石圍角社區會堂']
['區內團體及粵劇紅伶表演粵曲，以推廣粵曲文化。', '對象：區內居民']
['荃灣藝術節統籌委員會', '李女士', 'Tel: 9543 8789']
['粵曲巡迴演(第三場)']
['2024年11月10日', '下午1時15分至5時', '雅麗珊社區中心']
['區內團體及粵劇紅伶表演粵曲，以推廣粵曲文化。', '對象：區內居民']
['荃灣藝術節統籌委員會', '李女士', 'Tel: 9543 8789']
['第三十屆荃灣藝術節開幕禮暨舞蹈詩']
['2024年11月10日', '晚上7時30分至10時 ', '荃灣大會堂演奏廳']
['以舞蹈演繹近半個世紀的香港故事。']
['荃灣藝術節統籌委員會', '李女士', 'Tel: 9543 8789']
['書畫展覽及工作坊']
['2024年11月15日', '下午2時至7時', '2024年11月16至23日', '上午10時至晚上7時', '2024年11月24日(日)', '早上10時至晚上6時', '荃灣大會堂展覽館']
['展示不同畫風等作品，並舉行工作坊，傳授書畫技巧。']
['荃灣藝術節統籌委員會', '李女士', 'Tel: 9543 8789']
['民歌馬拉松']
['2024年11月16日', '上午11時至晚上7時', '荃新天地一期']
['民歌馬拉松式演唱會。']
['荃灣藝術節統籌委員會', '李女士', 'Tel: 9543 8789']
["荃城Let's Start青少年多元文化綜藝表演"]
['2024年11月16日', '下午2時30分至5時', '荃灣大會堂文娛廳']
['多元文化綜藝表演，促進本地與少數族裔文化交流，體現青少年活力一面。']
['荃灣藝術節統籌委員會', '李女士', 'Tel: 9543 8789']
['情繫三十 弦歌雅韻中樂合唱音樂會']
['2024年11月16日', '晚上7時30分至10時30分', '荃灣大會堂演奏廳']
['包括不同中國樂器及合唱環節的中樂音樂會，為觀眾帶來視聽享受。']
['荃灣藝術節統籌委員會', '李女士', 'Tel: 9543 8789']
['古韻新律演．講']
['2024年11月17日', '下午3時至5時', '荃灣大會堂文娛廳']
['著名古箏及琵琶演奏家以深入淺出方式演繹現代中樂的演變。']
['荃灣藝術節統籌委員會', '李女士', 'Tel: 9543 8789']
['步操管樂匯演']
['2024年11月17日', '晚上7時至9時', '荃灣大會堂演奏廳']
['一場結合步操及管樂的表演，萬勿錯過。']
['荃灣藝術節統籌委員會', '李女士', 'Tel: 9543 8789']
['粵劇折子戲專場']
['2024年11月22日', '晚上7時15分至10時30分', '荃灣大會堂演奏廳']
['多場經典粵劇劇目折子戲。']
['荃灣藝術節統籌委員會', '李女士', 'Tel: 9543 8789']
['藝之飛躍2024']
['2024年11月23日', '下午2時30分至5時', '荃灣大會堂演奏廳']
['由荃灣中學、小學及幼稚園學生演出的多元才藝表演。']
['荃灣藝術節統籌委員會', '李女士', 'Tel: 9543 8789']
['第三十屆荃灣藝術節閉幕禮暨十大過五十音樂會']
['2024年11月24日', '晚上7時至10時30分', '荃灣大會堂演奏廳']
['由著名歌手演唱的經典金曲音樂會。']
['荃灣藝術節統籌委員會', '李女士', 'Tel: 9543 8789']
['2024-25年度荃灣區節日燈飾活動(聖誕、新年及農曆新年)']
['2024年11月至2025年2月', '晚上6 時至凌晨12時', '荃灣區內行人天橋、道路及公園']
['透過在區內佈置燈飾，營造歡樂節日氣氛，與市民一起慶祝聖誕、新年及農曆新年。']
['荃灣區節日燈飾籌備委員會', '徐小姐', '電 話 : 2492 0877']
['2024-25年度荃灣區節日慶祝活動(除夕倒數)']
['2024年12月31日', '晚上9時至翌日凌晨12時15分', '(2025年1月1日)', '荃灣沙咀道遊樂場']
['透過綜合匯演，包括歌星、藝人獻唱及表演團體表演，與市民一起慶祝新一年的來臨。', '對象 : 區內居民']
['荃灣區節日燈飾籌備委員會', '徐小姐', '電 話 : 2492 0877']
['荃灣區防火嘉年華']
['2025年1月4日', '下午1時至5時', '荃灣沙咀道遊樂場']
['消防車展覽、消防救援示範、舞台表演、攤位遊戲、充氣彈床等。', '對象： 區內居民']
['荃灣區防火委員會', '鄭先生', '電話： 3515 5654']
['荃城滅罪展揮毫']
['2025年1月17日', '下午3時至4時(暫定)', '荃灣區少年警訊會所']
['為荃灣區的居民書寫揮春及向他們派發印有滅罪資訊的利是封。', '對象：區內居民']
['荃灣區撲滅罪行委員會', '張小姐', '電話：3515 5634']
