['葵青民政事務處撥款資助活動計劃 - 「地區為本種族融和計劃」(2024-25年度)']
['2024年8月至12月', '葵青區內']
['透過計劃增加參加者對其他族裔文化的認識，並幫助少數族裔人士融入社區。']
['葵青民政事務處 ', '楊女士', '電話: 2494 4559']
['葵青民政事務處撥款資助活動計劃 - 「內地新來港人士地區為本融入社區計劃」(2024-25年度)']
['2024年8月至12月', '葵青區內']
['透過計劃協助內地新來港人士適應香港生活，及早融入本地社會。']
['葵青民政事務處 ', '楊女士', '電話: 2494 4559']
['葵青區滅罪宣傳計劃']
['2024年9月至12月', '行駛葵青區的小巴路線(88D、88F、89M)']
['以小巴椅背廣告向市民宣傳滅罪訊息。']
['葵青區撲滅罪行委員會', '陳先生', '電 話 : 2494 4578']
['滅罪之聲遍葵青']
['2024年11月16日', '14:30 - 17:00', '長發廣場']
['以綜合表演形式，宣傳及推廣滅罪訊息。']
['葵青區撲滅罪行委員會', '陳先生', '電 話 : 2494 4578']
['葵青區學校防罪禁毒活動']
['2024年10月至12月', '時間及地點待定']
['透過講座及參觀活動，提高青少年的守法意識。']
['葵青區撲滅罪行委員會', '陳先生', '電 話 : 2494 4578']
['防詐騙宣傳站']
['2024年10月至12月', '時間及地點待定']
['透過宣傳及參觀活動，提高市民的防騙意識。']
['葵青區撲滅罪行委員會', '陳先生', '電 話 : 2494 4578']
['葵青區多元文化青年滅罪活動']
['2024年10月至12月', '時間待定', '香港青年協會賽馬會西貢戶外訓練營']
['透過野外歷奇活動，加強不同文化背景的青年的守法意識。']
['葵青區撲滅罪行委員會', '陳先生', '電 話 : 2494 4578']
['滅罪抗毒資訊站']
['2024年9月16日至10月31日']
['透過參加滅罪抗毒的網上問答遊戲網站，了解防罪禁毒資訊。']
['葵青區撲滅罪行委員會', '陳先生', '電 話 : 2494 4578']
['葵青區優秀保安人員獎勵計劃']
['2024年10月至2025年2月', '時間待定', '青衣警署']
['透過計劃，獎勵協助警方防止或偵查罪案的保安人員。']
['葵青區撲滅罪行委員會', '陳先生', '電 話 : 2494 4578']
['警區治安及保安管理座談會']
['2024年12月至2025年2月', '時間待定', '青衣警署']
['透過座談會與保安人員分享罪案情況，提供防止罪案建議。']
['葵青區撲滅罪行委員會', '陳先生', '電 話 : 2494 4578']
['葵青區滅罪主題宣傳計劃']
['2024年10月至12月', '葵青區內29個巴士候車亭']
['透過巴士候車亭燈箱廣告，宣傳全港撲滅罪行宣傳活動的主題。']
['葵青區撲滅罪行委員會', '楊女士', '電話: 2494 4559']
['製作年曆及揮春']
['2024年11月至12月', '時間待定']
['透過派發年曆及揮春，與葵青區的居民共慶新春，並向區內居民送上祝福。']
['葵青民政事務處 ', '楊女士', '電話: 2494 4559']
['「三無」大廈防火宣傳活動']
['2024年11月13日', '下午2時30分至5時', '葵青區']
['到區內有較多「三無大廈」的地區派發宣傳單張及紀念品，宣傳防火訊息。', '對象：區內居民']
['葵青區防火委員會', '李女士', '電話: 2494 4542']
['葵青區防火嘉年華暨青衣消防局開放日 ', ' ']
['2025年1月12日', '上午10時30分至下午5時（暫定）', '青衣消防局']
['綜合表演、攤位遊戲、消防及拯救示範。', '對象：區內居民']
['葵青區防火委員會', '李女士', '電話: 2494 4542']
['18區日夜都繽紛', '喜迎2025 - 共建美好葵青音樂會 (暫名)']
['2024年12月31日', '下午3時至10時（暫定）', '青衣海濱長廊（暫定）']
['透過歌手演出、流行文化表演及文創攤位市集，營造歡樂氣氛以迎接2025年。', '對象:區內居民']
['葵青民政事務處', '蕭小姐', '電話: 2494 4584']
