['西貢區聖誕及新年節日綵燈2024-2025']
['2024年12月23日至2025年2月16日', '下午6時至11時', '西貢海濱公園、萬宜遊樂場、將軍澳海濱公園，以及將軍澳海濱南橋']
['在聖誕節及農曆新年期間展出節日主題燈飾，供市民觀賞。']
['西貢民政事務處', '盧小姐', '電話：3740 5323']
['西貢區大廈管理專業法律講座']
['2025年1月16日', '晚上7時至9時半', '坑口社區會堂']
['資深執業律師及民政處代表講解《2024年建築物管理（修訂）條例》的主要修訂內容及新加的罪行，以協助業主、法團和物管公司了解及遵從法例的規定。']
['西貢民政事務處', '李女士', '電話：3907 0135']
['西貢區小學互動教育巡迴劇場']
['2025年2月3日至2025年2月28日', '由學校安排', '西貢區小學']
['以運動員精神為主題，透過話劇表演，配以音樂、舞台效果及生動有趣的演繹手法，闡揚正向思維；推廣「尊重」、「責任」、「關愛」、「包容」的核心公民價值；以及 宣傳「好客之道」運動及禮貌文化。']
['西貢民政事務處', '李女士', '電話：3907 0135']
['2024年西貢區防火教育宣傳活動-家居防火宣傳教育講座']
['2025年2月24日及2025年3月8日', '西貢賽馬會大會堂']
['舉辦防火講座，派發家居防火宣傳品及宣傳單張，以提高參加者的家居防火安全意識', '對象:區內居民']
['西貢區防火委員會', '張小姐', '電話: 3740 5373']
['2025年家居防火安全在西貢']
['2025年3月']
['派發家居防火宣傳品及宣傳單張，以提高參加者的家居防火安全意識', '對象:西貢居民']
['西貢區防火委員會', '張小姐', '電話: 3740 5373']
['2025年清明節防止山火宣傳活動']
['2025年3月22日', '上午9時至下午12時30分', '西貢新碼頭、將軍澳華人永遠墳場']
['派發宣傳品及宣傳單張，以提高市民慎防山火的意識', '對象:區內居民及掃墓人士']
['西貢區防火委員會', '張小姐', '電話: 3740 5373']
['2025年清明節葬區防火宣傳活動']
['2025年3月']
['在西貢區認可殯葬區掛上防火宣傳橫額', '對象:區內居民及掃墓人士']
['西貢區防火委員會', '張小姐', '電話: 3740 5373']
