['無毒人人愛活動計劃']
['日期：2024年6月至2025年2月', '地點：觀塘區']
['透過各類講座、網絡資訊及參觀，讓區內青少年及居民認識濫藥的禍害和預防方法。', '對象﹕觀塘區青少年及居民']
['觀塘區撲滅罪行委員會', '陳女士', '電話：2171 7490']
['青年Share & Love在觀塘']
['日期：2024年6月至2025年1月', '地點：觀塘區']
['透過各類工作坊、比賽及派發宣傳單張和紀念品，培育青少年建立「愛國、愛港、愛己」的信念及宣傳防罪滅罪訊息。', '對象﹕觀塘區青少年及居民']
['觀塘區撲滅罪行委員會', '陳女士', '電話：2171 7490']
['守護觀塘防騙防盜講座']
['日期：2024年7月至2025年1月', '地點：觀塘區']
['透過在區內學校、長者中心及社區會堂/社區中心舉辦講座，宣傳防騙防盜訊息。', '對象﹕觀塘區學生、長者及居民']
['觀塘區撲滅罪行委員會', '陳女士', '電話：2171 7493']
['2024年觀塘區防火安全比賽']
['日期: 2024年9月至2025年1月']
['透過邀請觀塘區學生參加防火安全填色及標語創作比賽，加強他們的消防安全意識。']
['觀塘民政事務處', '張先生', '電話: 3106 8041']
['說好觀塘! 變好觀塘!']
['日期：2024年9月至12月(待定)', '時間：待定', '地點：待定']
['透過舉辦棟篤笑及魔術工作坊，幫助青少年緩解精神壓力，建立情緒管理技能，並在社區傳播歡樂與正能量。']
['觀塘區青年發展及公民教育委員會', '陸小姐', '電話︰2171 7499']
['博士生師徒傳承計劃 ']
['日期：2024年9月至12月(待定)', '時間：待定', '地點：待定']
['透過邀請博士生擔任導師，幫助區內學生拓展行業認知、培養學術興趣和科研潛力，並在研討會暨迎新啟動禮中讓參加者一同確立目標。']
['觀塘區青年發展及公民教育委員會', '陸小姐', '電話︰2171 7499']
['慶祝中華人民共和國成立七十五周年觀塘區燈柱彩旗及宣傳橫額']
['日期：2024年9月至10月', '地點：觀塘區']
['透過在觀塘區內懸掛彩旗及橫額，增添節慶氣氛。', '對象：觀塘區居民']
['觀塘民政事務處', '葉女士', '電話：2177 7581']
['觀塘區慶祝中秋及中華人民共和國成立七十五周年節慶燈飾']
['日期: 2024年9月至10月', '地點: 觀塘區']
['在觀塘區内懸掛節日燈飾，以增添節日氣氛。', '對象: 觀塘區居民']
['觀塘民政事務處', '李女士', '電話: 2342 8515']
['觀塘市中心裕民坊大型燈飾裝置']
['日期：2024年9月14日至2025年1月(待定)', '地點：觀塘市中心自由空間(裕民坊)']
['於觀塘市中心裕民坊自由空間設置大型燈飾裝置，供市民打卡之餘，亦慶祝中華人民共和國成立75周年。', '對象︰觀塘區居民']
['觀塘民政事務處', '李先生', '電話：2470 3232']
['慶祝中華人民共和國成立75周年 ─ 去觀塘有「風」的地方之民族文化體驗長廊']
['日期：2024年9月28日至10月1日', '時間：中午12時至下午9時', '地點：觀塘海濱公園及觀塘海濱道126號發現號01']
['透過展示具民族特色的中國美食市集、特色省份景色打卡點、安排學生穿著各民族服飾巡遊擔任活動宣傳大使、傳統手工藝工作坊及表演等，向觀塘區居民宣揚中國傳統文化、民俗習俗及非物質文化遺產，以慶祝中華人民共和國成立75周年。', '對象：觀塘區居民']
['觀塘民政事務處', '黃小姐', '電話：2171 7463']
['四順分區慶祝中華人民共和國成立75周年金曲暨綜藝表演']
['日期：2024年9月28日(星期六)', '時間：下午2時30分至6時', '地點：順利社區中心禮堂']
['透過金曲及綜藝表演，為四順分區的居民提供文娛節目，並慶祝中華人民共和國成立75周年。', '對象：四順分區居民']
['觀塘民政事務處', '林先生', '電話：2342 3553']
['觀塘心連心賀國慶升旗禮']
['日期：2024年9月29日（星期日）', '時間：上午9時30分至10時15分', '地點：觀塘市中心自由空間(裕民坊)']
['透過升旗禮及表演節目慶祝中華人民共和國成立75周年。', '對象：觀塘區居民']
['觀塘民政事務處', '黎先生', '電話：2171 7467']
['維壘計劃2024']
['日期：2024年10月至2025年1月', '地點：秀茂坪區']
['透過模範保安員獎勵計劃，表揚秀茂坪區内維持建築物／屋苑／公共屋邨保安方面表現卓越的保安員。', '對象﹕秀茂坪區保安員']
['觀塘區撲滅罪行委員會', '陳女士', '電話：2171 7493']
['刑偵解碼3.0']
['日期：2024年10月至2025年1月', '地點：秀茂坪區']
['透過預設的場境體驗及分享，讓青少年進一步了解警方在偵查及撲滅罪行的工作，從而加強他們的守法意識。', '對象：秀茂坪區青少年']
['觀塘區撲滅罪行委員會', '陳女士', '電話：2171 7490']
['國安法知多啲']
['日期：2024年10月至2025年1月', '地點：秀茂坪區學校及商場']
['透過在學校及商場舉辦講座及流動展覽，宣傳國安法的重要性。', '對象：秀茂坪區學生及居民']
['觀塘區撲滅罪行委員會', '陳女士', '電話：2171 7490']
['精英運動員慈善基金賽馬會動感社區計劃 – 觀塘區運動體驗班']
['日期：2024年10月至12月', '地點：秀茂坪社區會堂']
['透過舉辦免費運動班，鼓勵觀塘區居民恆常運動及積極參與體能活動，同時促進社區融合。', '對象：觀塘區居民']
['觀塘民政事務處', '莊女士', '電話：3106 8042']
['慶祝中華人民共和國成立75周年秀茂坪社區共融嘉年華']
['日期：2024年10月6日(星期日)', '時間：下午2時30分至5時', '地點：秀茂坪社區會堂']
['透過舉辦社區共融嘉年華活動，促進社區共融及凝聚社區力量，推動秀茂坪區居民攜手建立共融友善的和諧社區。', '對象：秀茂坪分區的居民']
['秀茂坪分區委員會', '鄭小姐', '電話：2759 8499']
['觀塘區重陽節防止山火宣傳活動']
['日期：2024年10月11日', ' ', '時間：上午9時至11時', ' ', '地點：將軍澳華人永遠墳場入口處']
['向掃墓人士派發紀念品及宣傳單張，提醒他們確保火種熄滅後才離開，慎防山火。']
['觀塘民政事務處', '張先生', '電話: 3106 8041']
['禮敬中華·愛傳萬家 — 觀塘區獻禮中華人民共和國成立75周年中華婚儀文化巡禮']
['日期：2024年10月12日至2024年10月14日(星期六至星期一)', '地點：觀塘市中心自由空間 (裕民坊) ']
['透過展示不同的中華傳統婚嫁服飾和用品、邀請區內與中華人民共和國成立及香港回歸同歲的夫婦和年青的愛侶分享愛情故事，以及設置藝術打卡裝置，傳揚家和萬事興的傳統觀念，並以婚嫁傳承致敬中華「根」、中華「情」。', '對象：觀塘區居民']
['觀塘民政事務處', '李女士', '電話︰2171 7492']
['慶祝中華人民共和國成立75周年 - 金曲樂韻匯觀塘']
['日期：2024年10月19至21日 ', '地點：香港浸會大學大學會堂']
['透過舉辦金曲演唱會並邀請知名歌手獻唱，與觀塘區居民一同慶祝中華人民共和國成立75周年。', '對象：觀塘區居民']
['觀塘民政事務處', '李先生', '電話：2470 3232']
['賀國慶75載 粤韻悠揚觀塘中']
['日期：2024年10月23日', '時間：下午2時至4時', '地點：觀塘社區中心']
['透過粵曲欣賞節目，希望為觀塘中分區居民提供免費的娛樂節目，並藉此一同慶祝中華人民共和國成立75周年。']
['觀塘中分區委員會', '林女士', '電話：2171 7483']
['《大廈管理證書課程》']
['日期：2024年10月24日', '及31', '日 (星期四) (暫定)', '時間：晚上7時至9時', '地點：觀塘社區中心']
['舉辦地區訓練課程，加強區內大廈業主、大廈管理組織代表及地區人士對大廈管理的認識，從而提高大廈管理的整體水平。', '對象：觀塘區私人大廈業主、業主立案法團管理委員會委員及管理公司']
['觀塘民政事務處', '王小姐 ', '電話：2171 7464']
['觀塘區傑出警察獎勵計劃2024']
['日期：2024年11月至2025年2月', '地點：觀塘警區']
['透過獎勵計劃，表揚觀塘警區內表現優秀的警務人員，從而提高他們的士氣及鼓勵他們提供更優質服務。', '對象：觀塘警區警務人員']
['觀塘區撲滅罪行委員會', '陳女士', '電話：2171 7493']
['秀茂坪區傑出警察獎勵計劃2024']
['日期：2024年11月至2025年2月', '地點：秀茂坪警區']
['透過獎勵計劃，表揚秀茂坪警區內表現優秀的警務人員，從而提高他們的士氣及鼓勵他們提供更優質服務。', '對象：秀茂坪警區警務人員']
['觀塘區撲滅罪行委員會', '陳女士', '電話：2171 7493']
['慶祝中華人民共和國成立75周年 ─ CHILL「廠」商貿•觀塘定向競技賽']
['日期：2024年11月2日(星期六)', '時間：下午2時至5時', '地點：觀塘海濱花園觀景亭']
['透過舉辦體育競技活動，藉以慶祝中華人民共和國成立75周年及響應巴黎奧運和全國運動會所掀起的運動熱潮。', '對象：觀塘區居住及工作的市民']
['觀塘民政事務處', '李女士', '電話︰2171 7492']
['慶祝中華人民共和國成立七十五周年 - 觀塘南分區粵劇大匯演']
['日期：2024年11月3日', '地點：油塘社區會堂']
['由成人與兒童共同表演粵劇，推動非物質文化遺產—粵劇的傳承，並與居民一起慶祝中華人民共和國成立七十五週年。']
['觀塘南分區委員會', '吳小姐', '電話：2171 7473']
['慶祝中華人民共和國成立75周年慶典 - 愛心耀觀塘2024龍躍同歡音樂欣賞會']
['日期：2024年11月8日(星期五)', '時間：晚上7時至10時', '地點：牛池灣文娛中心劇院']
['透過綜藝晚會，為年青人提供參與文娛藝術表演的平台，同時慶祝中華人民共和國成立75周年。', '對象：觀塘區年青人及居民']
['觀塘民政事務處', '李女士', '電話︰2171 7492']
['慶祝中華人民共和國成立七十五周年 — 觀塘西分區金曲樂韻會知音']
['日期：2024年11月14日(星期四)', '地點：牛池灣文娛中心劇院']
['透過懷舊金曲音樂會，與觀塘西分區居民一同慶祝中華人民共和國成立七十五周年，並加強社區凝聚力，締造和諧歡樂的社區。', '對象：觀塘西分區的居民']
['觀塘民政事務處', '莊女士', '電話：3106 8042']
['Top Nova音樂節2024']
['日期：2024年11月15至17日', '時間：下午2時至9時', '地點：觀塘海濱花園多用途廣場']
['為中港兩地的青年音樂人提供展示音樂才華的平台，並藉此加強他們的聯繋。', '對象：觀塘區居民']
['觀塘民政事務處', '張先生', '電話: 3106 8041']
['全國運動會觀塘區體育運動嘉年華(暫名)']
['日期：2024年11月24日 (待定)', '地點：(待定)']
['透過舉辦體育運動嘉年華(包括介紹全國運動會、全國殘疾人運動會暨特殊奧林匹克運動會相關資訊的展覽，以及多項體育運動示範和體驗)，響應2025年舉辦的第十五屆全運會，並在觀塘區推廣體育運動。', '對象：觀塘區居民']
['觀塘民政事務處', '莊女士', '電話：3106 8042']
['觀塘區慶祝聖誕及新年節日燈飾']
['日期：2024年12月至2025年1月', '地點：觀塘區']
['在觀塘區內懸掛節日燈飾，以增添節日氣氛。', '對象：觀塘區居民']
['觀塘民政事務處', '李女士', '電話：2342 8515']
['慶祝中華人民共和國成立七十五周年 - 觀塘南分區海洋公園親子一日遊']
['日期：2024年12月', '地點：海洋公園']
['一日遊包括到海洋公園探訪國家送贈的國寶大熊貓，從而加深參加者對國家的歸屬感，培養他們的國民身份認同，並慶祝中華人民共和國成立七十五周年。']
['觀塘南分區委員會', '陶先生', '電話：2171 7472']
['樂活觀塘健康日']
['日期：2024年12月', '地點：油塘社區會堂']
['透過講座、健康評估及攤位遊戲等，在社區推廣心靈健康及健康飲食。']
['觀塘健康城市督導委員會', '周先生', '電話：2171 7430']
['觀塘區水球同樂日(暫名)']
['日期：2024年12月1日(星期日)', '地點：藍田游泳池']
['透過水球體驗活動及比賽，在觀塘區推廣水球運動，及鼓勵青少年參與水球運動。', '對象：觀塘區居民']
['觀塘民政事務處', '莊女士', '電話：3106 8042']
['觀塘區説好《憲法》及《基本法》同樂日']
['日期：2024年12月7日(星期六)', '時間：下午2時至5時', '地點：觀塘市中心自由空間 (裕民坊)']
['由觀塘區青年發展及公民教育委員會舉辦的年度盛事，旨在提升市民對《憲法》與《基本法》的認識。 ', '對象：觀塘區居民']
['觀塘民政事務處', '李女士', '電話︰2171 7492']
['藍田分區口腔健康暨防騙教育日']
['日期：2024年12月10日(暫定)', '時間：下午2時至5時', '地點：藍田(東區)社區會堂']
['邀請香港大學牙醫學院及觀塘警民關係組為藍田分區居民舉辦口腔護理和防騙講座。', '對象: 藍田分區居民']
['觀塘民政事務處', '黎先生', '電話: 2177 7455']
['四順分區敬老聯歡下午茶暨講座活動']
['日期：2024年12月10日(星期二) (暫定) ', '時間：下午3時至5時30分', '地點：四順分區或附近分區的酒家(待定)']
['舉行下午茶聚會和講座，向長者致敬並表達社區對他們的關懷。', '對象：四順分區65歲或以上長者']
['觀塘民政事務處', '林先生', '電話：2342 3553']
['《大廈管理的實務講座》']
['日期：2024年12月19日(星期四) (暫定)', '時間：晚上7時至10時', '地點：觀塘社區中心']
['協助區內私人大廈業主、業主立案法團管理委員會委員和大廈管理組織代表加強有關大廈管理的實務知識和技巧。', '對象：觀塘區私人大廈業主、業主立案法團管理委員會委員、大廈管理公司代表及居民']
['觀塘民政事務處', '王小姐 ', '電話：2171 7464']
['觀塘區虛擬實境運動體驗日(暫名)']
['日期：2025年1月(待定)', '地點：(待定)']
['透過舉辦多項虛擬實境運動體驗活動，增加居民對有關運動的認識和興趣。', '對象：觀塘區居民']
['觀塘民政事務處', '莊女士', '電話：3106 8042']
['觀塘區防火與應急處理宣傳巡遊暨嘉年華']
['日期：2025年1月4日', '時間：下午2時至5時', '地點：觀塘市中心自由空間']
['透過舉辦嘉年華(包括滅火示範、工作坊、巡遊、攤位遊戲及表演)，以提高觀塘區居民的消防安全意識。']
['觀塘民政事務處', '張先生', '電話: 3106 8041']
['四順分區歲晚清潔大行動']
['日期：2025年1月6日(星期一) (暫定)', ' ', '時間：上午10時30分至中午12時', '地點：四順分區屋邨(待定)']
['由四順分區委員會委員到四順區內的屋邨派發宣傳環境清潔的單張，並安排食物環境衞生署職員及管理處職員分別宣傳滅鼠的訊息和進行大清洗。', '對象：四順分區居民']
['觀塘民政事務處', '林先生', '電話︰2342 3553']
['觀塘區高爾夫球體驗日(暫名)']
['日期：2025年3月1日 (待定)', '地點：順利邨體育館室內高爾夫球練習場 (待定)']
['透過舉辦體驗活動，向觀塘區居民推廣高爾夫球運動。', '對象：觀塘區居民']
['觀塘民政事務處', '莊女士', '電話：3106 8042']
