['18區日夜都繽紛@周末礦熱']
['2024年10月5日', '下午6時半至8時', '梅窩銀礦灣泳灘']
['歌星、青年樂隊及街舞表演', '對象:市民及旅客']
['離島民政事務處', '關女士']
['2024-2025年度離島區大廈管理工作坊']
['2024年10月22日', '晚上8時至9時45分東涌社區會堂']
['講解最新大廈管理資訊，從而推廣優質大廈管理。', '對象:區內居民']
['離島民政事務處', '呂先生']
['國安家好成長計劃暨離島防騙先鋒']
['2024年10月至2025年2月(暫定)']
['計劃以愛國、守法、防騙及遠離毒品為主題，旨在培養青少年正確的價值觀，並透過舉辦參觀活動，加深青少年對不同部門及機構的認識，以及對社會責任的了解。', '對象:區內學生']
['離島區撲滅罪行委員會', '譚女士']
['飛躍離島計劃']
['2024年10月至2025年2月(暫定)']
['透過舉辦比賽、聯校青年節、攤位遊戲及參觀活動，向區內青少年宣傳禁毒滅罪訊息。', '對象:區內青少年']
['離島區撲滅罪行委員會', '譚女士']
['禁毒滅罪訓練營']
['2024年11月至12月 (暫定)']
['透過舉辦訓練營，為學生提供講座，以及以滅罪及禁毒為主題的青少年領袖訓練課程及歷奇活動。', '對象:區內學生']
['離島區撲滅罪行委員會', '譚女士']
['離島社區備災防火嘉年華']
['2024年12月14日 (暫定)', '下午2時至6時東涌東海濱長廊']
['救援示範、滅火輪參觀、消防車展覽、攤位遊戲等', '對象:區內居民']
['離島區防火委員會', '麥女士']
['「嶼眼守望計劃」滅罪宣傳活動']
['2024年12月至2025年2月(暫定)']
['透過探訪及派發滅罪宣傳紀念品，提高大嶼山區內村民在防止爆竊及盜竊方面的意識，以減少罪案發生。', '對象:大嶼山區內居民']
['離島區撲滅罪行委員會', '譚女士']
['離島民政事務處乙巳年新春團拜']
['2025年2月7日 (暫定)', '下午4時至6時']
['慶祝乙巳年新春，並藉此機會與離島區各團體、機構及社區人士聯繫。', '對象:區內各團體、機構及社區人士']
['離島區防火委員會', '麥女士']
['離島活力運動滿FUN日2025 (暫名)']
['2025年3月9日 (暫定)', '中午12時至下午6時東涌東海濱長廊']
['透過各類型的運動體驗、競技障礙賽及攤位遊戲等，推廣運動及健康生活、向市民宣揚運動的益處及提高區內的體育文化氣氛。', '對象:區內居民']
['離島民政事務處', '蘇先生']
