['第二屆京津冀節']
['2025年4月11-13日', '時間待定', '黃大仙廣場']
['透過特色展覽、市集和表演，將北京、天津、河北的文化帶入香港，增進市民對中國傳統文化的認識，並慶祝回歸28周年。', '對象:區內居民']
['黃大仙民政事務處', '梁女士', '電 話 : 2328 5612']
['黃大仙區全民國家安全教育日新興運動會']
['2025年4月13日', '上午9時至下午6時', '彩虹道體育館']
['透過青年座談會、新興運動競技及嘉年華，向黃大仙區青年傳遞國家安全概念，培養青年的國家觀念以及共同維護國家安全的意識。', '對象：區內青年']
['黃大仙民政事務處', '冼女士', '電話：2350 0590']
['運動W計劃']
['2025年4月至9月 (待定)', '時間及地點待定']
['透過舉辦一系列運動活動，藉以提升參加者的身心靈健康，並讓他們透過活動認識更多區內朋友，加強社區連繫。', '對象：黃大仙青年先鋒、區內學生及青年']
['黃大仙民政事務處', '陳女士', '電話 : 2455 1321']
['「藝」文青']
['2025年4月至9月 (待定)', '時間及地點待定']
['透過藝術體驗活動，讓參與年輕人發揮創意潛能，療癒身心。', '對象：黃大仙青年先鋒、區內學生及青年']
['黃大仙民政事務處', '陳女士', '電話 : 2455 1321']
['跨世代共融之SING歌唱大賽 (總決賽)']
['2025年5月4日', '時間待定', '黃大仙廣場']
['不同年齡層的參賽者演繹70年代初至90年代末的經典歌曲，藉音樂及歌唱比賽促進和鼓勵跨世代的合作和共融。']
['黃大仙民政事務處', '李女士', '電話：2350 0590']
['青年海外交流計劃']
['2025年6月至8月(待定)', '時間及地點待定']
['透過舉辦青年交流計劃，讓青年先鋒認識不同國家的文化，擴闊他們的國際視野。', '對象：黃大仙青年先鋒、區內學生及青年']
['黃大仙民政事務處', '張先生', '電話 : 3143 1142']
['參觀政府部門']
['2025年7月至8月(待定)', '時間及地點待定']
['透過參觀政府部門，讓參與青年了解有關部門的工作內容，協助他們儘早進行生涯規劃。', '    ', '對象：黃大仙青年先鋒、區內學生及青年']
['黃大仙民政事務處', '陳女士', '電話 : 2455 1321']
['學生暑期實習體驗計劃2025']
['2025年7月至8月(待定)', '本港不同公司及企業']
['為區內大專及中學生提供實習體驗的機會，以協助他們了解職場生涯及規劃事業方向。', '對象：黃大仙青年先鋒、區內高中及大專院校學生']
['黃大仙民政事務處', '張先生', '電話 : 3143 1142']
['參觀商界企業']
['2025年7月至9月 (待定)', '時間及地點待定']
['透過參觀不同企業，希望讓區內大專及中學生對不同行業有進一步的了解，有助他們進行生涯規劃。', '對象:黃大仙青年先鋒和區內學生及青年']
['黃大仙民政事務處', '張先生', '電話 : 3143 1142']
['黃大仙青年營2025']
['2025年8月2日至4日', '香港遊樂場協會賽馬會銀礦灣營']
['透過破冰及團隊建立活動，三日兩夜的青年營會加強青年先鋒之間的凝聚力及團隊精神。', '對象：黃大仙青年先鋒、區內學生及青年']
['黃大仙民政事務處', '陳女士', '電話 : 2455 1321']
['第二屆藝術體操摘星盃']
['2025年8月30-31日', '時間待定', '彩虹道體育館']
['邀請藝術體操運動員同場競技，為年輕運動員提供技術交流的平台，吸引更多兒童及青年參與藝術體操。', '對象:區內學生']
['黃大仙民政事務處', '梁女士', '電 話 : 2328 5612']
['第四屆力拔獅峰賀國慶‧校際拔河比賽']
['2025年9月27日', '時間待定', '彩虹道體育館']
['透過舉辦校際拔河比賽及訓練課程，促進學校隊伍的技術交流和團隊精神，培養青少年對體育的興趣，並慶祝中華人民共和國成立76周年。', '對象:區內學生']
['黃大仙民政事務處', '梁女士', '電 話 : 2328 5612']
['「關愛小先鋒」計劃']
['2025年9月至10月(待定)', '時間及地點待定']
['活動旨在透過探訪活動，讓青年先鋒與長者交流，藉以構建充滿關愛的社區。青年先鋒亦會先進行工作坊，親手製作禮物予長者。', '對象:黃大仙青年先鋒和區內學生及青年']
['黃大仙民政事務處', '張先生', '電話 : 3143 1142']
